<?xml version="1.0" encoding="utf-8"?><testsuites><testsuite name="pytest" errors="0" failures="0" skipped="0" tests="3" time="0.697" timestamp="2024-05-29T08:17:54.861082" hostname="a926b584cf21"><testcase classname="tests.test_prediction" name="test_single_pred_not_none" time="0.023" /><testcase classname="tests.test_prediction" name="test_single_pred_str_type" time="0.020" /><testcase classname="tests.test_prediction" name="test_single_pred_validate" time="0.020" /></testsuite></testsuites>